> Start DBeaver Application Standalone [org.jkiss.dbeaver.ui.app.standalone 25.1.3.202507201530]
> Start Eclipse IDE UI Application [org.eclipse.ui.ide.application 1.5.700.v20250514-1719]
> Start Eclipse Jobs Mechanism [org.eclipse.core.jobs 3.15.600.v20250513-1234]
> Start DBeaver Command Line Model [org.jkiss.dbeaver.model.cli 1.0.4.202507201530]
> Start Eclipse IDE UI [org.eclipse.ui.ide 3.22.600.v20250523-1502]
> Start DBeaver Model Registry [org.jkiss.dbeaver.registry 1.0.153.202507201530]
> Start jna [com.sun.jna 5.17.0.v20250316-1700]
> Start DBeaver UI Editors - Base [org.jkiss.dbeaver.ui.editors.base 1.0.159.202507201530]
> Start DBeaver UI [org.jkiss.dbeaver.ui 5.1.174.202507201530]
> Start Expression Language [org.eclipse.core.expressions 3.9.400.v20240413-1529]
> Start DBeaver Usage Statistics [org.jkiss.dbeaver.ui.statistics 1.0.55.202507201530]
> Start DBeaver UI Editors - Connections [org.jkiss.dbeaver.ui.editors.connection 1.0.150.202507201530]
> Start DBeaver Desktop Application Core [org.jkiss.dbeaver.core 25.1.3.202507201530]
2025-07-29 10:45:49.260 - DBeaver 25.1.3.202507201530 is starting
2025-07-29 10:45:49.261 - OS: Linux 6.8.0-64-generic (amd64)
2025-07-29 10:45:49.261 - Java version: 21.0.5 by Eclipse Adoptium (64bit)
2025-07-29 10:45:49.261 - Install path: '/usr/share/dbeaver-ce'
2025-07-29 10:45:49.261 - Instance path: 'file:/home/tuantran/.local/share/DBeaverData/workspace6/'
2025-07-29 10:45:49.263 - Memory available 64Mb/1024Mb
2025-07-29 10:45:49.280 - Create display
2025-07-29 10:45:49.378 - Initialize desktop platform...
2025-07-29 10:45:49.486 - BounceCastle bundle found. Use JCE provider BC
> Start Core File Systems [org.eclipse.core.filesystem 1.11.200.v20250513-1234]
> Start Core Resource Management [org.eclipse.core.resources 3.22.200.v20250513-1234]
> Start Team Support Core [org.eclipse.team.core 3.10.700.v20250313-0656]
> Start DBeaver UI Navigator [org.jkiss.dbeaver.ui.navigator 1.0.159.202507201530]
2025-07-29 10:45:49.647 - Initialize base platform...
2025-07-29 10:45:49.706 - Platform initialized (328ms)
2025-07-29 10:45:49.725 - Starting instance server at http://localhost:37783
2025-07-29 10:45:49.749 - Run workbench
> Start Eclipse e4 Workbench SWT [org.eclipse.e4.ui.workbench.swt 0.17.800.v20250422-1254]
> Start Eclipse Application Services [org.eclipse.e4.core.services 2.5.200.v20250326-1945]
> Start Eclipse UI Application Services [org.eclipse.e4.ui.services 1.6.500.v20250123-0754]
> Start Eclipse e4 Progress View [org.eclipse.e4.ui.progress 0.4.800.v20250422-1254]
> Start Eclipse Bindings Support [org.eclipse.e4.ui.bindings 0.14.600.v20250331-1050]
> Start Eclipse e4 core commands [org.eclipse.e4.core.commands 1.1.600.v20250307-1331]
> Start EMF XML/XMI Persistence [org.eclipse.emf.ecore.xmi 2.39.0.v20250414-1351]
> Start Eclipse CSS SWT Theme Support [org.eclipse.e4.ui.css.swt.theme 0.14.500.v20250213-1508]
> Start Eclipse e4 Workbench Add-ons [org.eclipse.e4.ui.workbench.addons.swt 1.5.700.v20250422-1254]
> Start Eclipse e4 Workbench SWT Renderer [org.eclipse.e4.ui.workbench.renderers.swt 0.16.800.v20250519-1609]
> Start Eclipse Dependency Injection Extensions [org.eclipse.e4.core.di.extensions 0.18.300.v20240413-1529]
> Start Eclipse CSS SWT Support [org.eclipse.e4.ui.css.swt 0.15.600.v20250409-1135]
> Start Default Text Editor [org.eclipse.ui.editors 3.20.0.v20250514-1719]
> Start Text Editor Framework [org.eclipse.ui.workbench.texteditor 3.19.200.v20250514-1719]
2025-07-29 10:45:51.088 - Configure workbench window
> Start DBeaver SQL Model [org.jkiss.dbeaver.model.sql 1.0.149.202507201530]
2025-07-29 10:45:51.209 - Total database drivers: 123 (123)
> Start Help System Core [org.eclipse.help 3.10.500.v20250423-1201]
2025-07-29 10:45:51.266 - Create actions
2025-07-29 10:45:51.271 - Disable Eclipse action set 'org.eclipse.ui.edit.text.actionSet.annotationNavigation'
2025-07-29 10:45:51.272 - Disable Eclipse action set 'org.eclipse.ui.WorkingSetActionSet'
2025-07-29 10:45:51.272 - Disable Eclipse action set 'org.eclipse.ui.actionSet.openFiles'
2025-07-29 10:45:51.272 - Create workbench actions
2025-07-29 10:45:51.640 - Initialize workbench window
2025-07-29 10:45:51.644 - Finish initialization

(DBeaver:11768): Gtk-WARNING **: 10:45:51.777: Negative content width -11 (allocation 1, extents 6x6) while allocating gadget (node separator, owner GtkSeparatorToolItem)
> Start Equinox Java Authentication and Authorization Service (JAAS) [org.eclipse.equinox.security 1.4.600.v20250521-0413]
> Start Internet Connection Management UI [org.eclipse.ui.net 1.5.400.v20240413-1529]
> Start Internet Connection Management [org.eclipse.core.net 1.5.700.v20250313-0656]
> Start DBeaver UI Editors - Data [org.jkiss.dbeaver.ui.editors.data 1.0.159.202507201530]
> Start DBeaver UI Editors - SQL [org.jkiss.dbeaver.ui.editors.sql 1.0.159.202507201530]
> Start DBeaver Sample Database [org.jkiss.dbeaver.ui.config.sample 1.0.196.202507201530]
2025-07-29 10:45:52.388 - Open [https://dbeaver.io/product/version.xml]
2025-07-29 10:45:52.465 - Connect with 'master' (microsoft-198504f9161-2708ab4509e92398)
> Start DBeaver JDBC Model [org.jkiss.dbeaver.model.jdbc 1.0.52.202507201530]
> Start DBeaver SQL Server Model [org.jkiss.dbeaver.ext.mssql 1.0.253.202507201530]
2025-07-29 10:45:52.505 - Execution context opened (master; Main; 0)
2025-07-29 10:45:58.305 - Connect with 'master' (microsoft-198504f9161-2708ab4509e92398)
2025-07-29 10:45:58.307 - Execution context opened (master; Main; 1)
> Start DBeaver Dashboard UI [org.jkiss.dbeaver.ui.dashboard 1.0.156.202507201530]
> Start GEF Classic Draw2d [org.eclipse.draw2d 3.20.0.202505280821]
> Start GEF Classic GEF (MVC) [org.eclipse.gef 3.22.0.202505280821]
> Start DBeaver ERD UI [org.jkiss.dbeaver.ui.editors.erd 3.1.0.202507201530]
> Start DBeaver ERD Model [org.jkiss.dbeaver.model.erd 1.1.0.202507201530]
2025-07-29 10:46:22.362 - Connect with 'master' (microsoft-198504f9161-2708ab4509e92398)
2025-07-29 10:46:22.364 - Execution context opened (master; Main; 2)
2025-07-29 10:46:22.672 - Execution context opened (master; Metadata; 3)
Jul 29, 2025 10:46:22 AM com.microsoft.sqlserver.jdbc.TDSTokenHandler onColMetaData
INFO: ConnectionID:4 ClientConnectionId: b945c1ec-e8e5-4045-9abf-175a70108cb8: SQLServerConnection.supportsTransactions: Discarding extra metadata which can be a result of SHOWPLAN settings:  TDS_COLMETADATA (0x81)
2025-07-29 10:46:23.080 - Connected (microsoft-198504f9161-2708ab4509e92398, Microsoft JDBC Driver 12.8 for SQL Server [12.8.0.0])
> Start DBeaver Generic Plug-in [org.jkiss.dbeaver.ext.generic 2.3.245.202507201530]

(DBeaver:11768): Gtk-WARNING **: 10:46:31.284: Negative content width -6 (allocation 6, extents 6x6) while allocating gadget (node separator, owner GtkSeparatorToolItem)

(DBeaver:11768): Gtk-WARNING **: 10:46:31.288: Negative content width -6 (allocation 6, extents 6x6) while allocating gadget (node separator, owner GtkSeparatorToolItem)

(DBeaver:11768): Gtk-WARNING **: 10:46:31.317: Negative content width -6 (allocation 6, extents 6x6) while allocating gadget (node separator, owner GtkSeparatorToolItem)

(DBeaver:11768): Gtk-WARNING **: 10:46:31.318: Negative content width -6 (allocation 6, extents 6x6) while allocating gadget (node separator, owner GtkSeparatorToolItem)

(DBeaver:11768): Gtk-WARNING **: 10:46:31.318: Negative content width -6 (allocation 6, extents 6x6) while allocating gadget (node separator, owner GtkSeparatorToolItem)

(DBeaver:11768): Gtk-WARNING **: 10:46:31.319: Negative content width -6 (allocation 6, extents 6x6) while allocating gadget (node separator, owner GtkSeparatorToolItem)

(DBeaver:11768): Gtk-WARNING **: 10:46:31.440: Negative content width -6 (allocation 6, extents 6x6) while allocating gadget (node separator, owner GtkSeparatorToolItem)

(DBeaver:11768): Gtk-WARNING **: 10:46:31.443: Negative content width -6 (allocation 6, extents 6x6) while allocating gadget (node separator, owner GtkSeparatorToolItem)

(DBeaver:11768): Gtk-WARNING **: 10:46:31.485: Negative content width -6 (allocation 6, extents 6x6) while allocating gadget (node separator, owner GtkSeparatorToolItem)

(DBeaver:11768): Gtk-WARNING **: 10:46:31.488: Negative content width -6 (allocation 6, extents 6x6) while allocating gadget (node separator, owner GtkSeparatorToolItem)

(DBeaver:11768): Gtk-WARNING **: 10:46:44.435: Negative content width -6 (allocation 6, extents 6x6) while allocating gadget (node separator, owner GtkSeparatorToolItem)

(DBeaver:11768): Gtk-WARNING **: 10:46:44.441: Negative content width -6 (allocation 6, extents 6x6) while allocating gadget (node separator, owner GtkSeparatorToolItem)

(DBeaver:11768): Gtk-WARNING **: 10:46:44.450: Negative content width -6 (allocation 6, extents 6x6) while allocating gadget (node separator, owner GtkSeparatorToolItem)

(DBeaver:11768): Gtk-WARNING **: 10:46:44.460: Negative content width -6 (allocation 6, extents 6x6) while allocating gadget (node separator, owner GtkSeparatorToolItem)

(DBeaver:11768): Gtk-WARNING **: 10:46:44.464: Negative content width -6 (allocation 6, extents 6x6) while allocating gadget (node separator, owner GtkSeparatorToolItem)

(DBeaver:11768): Gtk-WARNING **: 10:46:44.486: Negative content width -6 (allocation 6, extents 6x6) while allocating gadget (node separator, owner GtkSeparatorToolItem)

(DBeaver:11768): Gtk-WARNING **: 10:46:44.486: Negative content width -6 (allocation 6, extents 6x6) while allocating gadget (node separator, owner GtkSeparatorToolItem)

(DBeaver:11768): Gtk-WARNING **: 10:46:44.486: Negative content width -6 (allocation 6, extents 6x6) while allocating gadget (node separator, owner GtkSeparatorToolItem)

(DBeaver:11768): Gtk-WARNING **: 10:46:44.487: Negative content width -6 (allocation 6, extents 6x6) while allocating gadget (node separator, owner GtkSeparatorToolItem)

(DBeaver:11768): Gtk-WARNING **: 10:46:44.487: Negative content width -6 (allocation 6, extents 6x6) while allocating gadget (node separator, owner GtkSeparatorToolItem)
> Start DBeaver SQL Server UI [org.jkiss.dbeaver.ext.mssql.ui 1.0.158.202507201530]
> Start DBeaver GIS Support [org.jkiss.dbeaver.data.gis 1.0.183.202507201530]

(DBeaver:11768): Gtk-WARNING **: 10:46:44.966: Negative content width -6 (allocation 6, extents 6x6) while allocating gadget (node separator, owner GtkSeparatorToolItem)

(DBeaver:11768): Gtk-WARNING **: 10:46:44.967: Negative content width -6 (allocation 6, extents 6x6) while allocating gadget (node separator, owner GtkSeparatorToolItem)

(DBeaver:11768): Gtk-WARNING **: 10:46:44.967: Negative content width -6 (allocation 6, extents 6x6) while allocating gadget (node separator, owner GtkSeparatorToolItem)

(DBeaver:11768): Gtk-WARNING **: 10:46:44.967: Negative content width -6 (allocation 6, extents 6x6) while allocating gadget (node separator, owner GtkSeparatorToolItem)

(DBeaver:11768): Gtk-WARNING **: 10:46:44.968: Negative content width -6 (allocation 6, extents 6x6) while allocating gadget (node separator, owner GtkSeparatorToolItem)

(DBeaver:11768): Gtk-WARNING **: 10:46:44.989: Negative content width -6 (allocation 6, extents 6x6) while allocating gadget (node separator, owner GtkSeparatorToolItem)

(DBeaver:11768): Gtk-WARNING **: 10:46:44.989: Negative content width -6 (allocation 6, extents 6x6) while allocating gadget (node separator, owner GtkSeparatorToolItem)

(DBeaver:11768): Gtk-WARNING **: 10:46:44.989: Negative content width -6 (allocation 6, extents 6x6) while allocating gadget (node separator, owner GtkSeparatorToolItem)

(DBeaver:11768): Gtk-WARNING **: 10:46:44.990: Negative content width -6 (allocation 6, extents 6x6) while allocating gadget (node separator, owner GtkSeparatorToolItem)

(DBeaver:11768): Gtk-WARNING **: 10:46:44.990: Negative content width -6 (allocation 6, extents 6x6) while allocating gadget (node separator, owner GtkSeparatorToolItem)

(DBeaver:11768): Gtk-WARNING **: 10:46:45.099: Negative content width -6 (allocation 6, extents 6x6) while allocating gadget (node separator, owner GtkSeparatorToolItem)

(DBeaver:11768): Gtk-WARNING **: 10:46:45.099: Negative content width -6 (allocation 6, extents 6x6) while allocating gadget (node separator, owner GtkSeparatorToolItem)

(DBeaver:11768): Gtk-WARNING **: 10:46:45.099: Negative content width -6 (allocation 6, extents 6x6) while allocating gadget (node separator, owner GtkSeparatorToolItem)

(DBeaver:11768): Gtk-WARNING **: 10:46:45.099: Negative content width -6 (allocation 6, extents 6x6) while allocating gadget (node separator, owner GtkSeparatorToolItem)

(DBeaver:11768): Gtk-WARNING **: 10:46:45.099: Negative content width -6 (allocation 6, extents 6x6) while allocating gadget (node separator, owner GtkSeparatorToolItem)

(DBeaver:11768): Gtk-WARNING **: 10:46:45.127: Negative content width -6 (allocation 6, extents 6x6) while allocating gadget (node separator, owner GtkSeparatorToolItem)

(DBeaver:11768): Gtk-WARNING **: 10:46:45.128: Negative content width -6 (allocation 6, extents 6x6) while allocating gadget (node separator, owner GtkSeparatorToolItem)

(DBeaver:11768): Gtk-WARNING **: 10:46:45.128: Negative content width -6 (allocation 6, extents 6x6) while allocating gadget (node separator, owner GtkSeparatorToolItem)

(DBeaver:11768): Gtk-WARNING **: 10:46:45.129: Negative content width -6 (allocation 6, extents 6x6) while allocating gadget (node separator, owner GtkSeparatorToolItem)

(DBeaver:11768): Gtk-WARNING **: 10:46:45.129: Negative content width -6 (allocation 6, extents 6x6) while allocating gadget (node separator, owner GtkSeparatorToolItem)

(DBeaver:11768): Gtk-WARNING **: 10:46:45.160: Negative content width -6 (allocation 6, extents 6x6) while allocating gadget (node separator, owner GtkSeparatorToolItem)

(DBeaver:11768): Gtk-WARNING **: 10:46:45.160: Negative content width -6 (allocation 6, extents 6x6) while allocating gadget (node separator, owner GtkSeparatorToolItem)

(DBeaver:11768): Gtk-WARNING **: 10:46:45.160: Negative content width -6 (allocation 6, extents 6x6) while allocating gadget (node separator, owner GtkSeparatorToolItem)

(DBeaver:11768): Gtk-WARNING **: 10:46:45.161: Negative content width -6 (allocation 6, extents 6x6) while allocating gadget (node separator, owner GtkSeparatorToolItem)

(DBeaver:11768): Gtk-WARNING **: 10:46:45.161: Negative content width -6 (allocation 6, extents 6x6) while allocating gadget (node separator, owner GtkSeparatorToolItem)

(DBeaver:11768): Gtk-WARNING **: 10:47:24.624: Negative content width -6 (allocation 6, extents 6x6) while allocating gadget (node separator, owner GtkSeparatorToolItem)

(DBeaver:11768): Gtk-WARNING **: 10:47:24.625: Negative content width -6 (allocation 6, extents 6x6) while allocating gadget (node separator, owner GtkSeparatorToolItem)

(DBeaver:11768): Gtk-WARNING **: 10:47:24.625: Negative content width -6 (allocation 6, extents 6x6) while allocating gadget (node separator, owner GtkSeparatorToolItem)

(DBeaver:11768): Gtk-WARNING **: 10:47:24.625: Negative content width -6 (allocation 6, extents 6x6) while allocating gadget (node separator, owner GtkSeparatorToolItem)

(DBeaver:11768): Gtk-WARNING **: 10:47:24.625: Negative content width -6 (allocation 6, extents 6x6) while allocating gadget (node separator, owner GtkSeparatorToolItem)

(DBeaver:11768): Gtk-WARNING **: 10:47:29.106: Negative content width -6 (allocation 6, extents 6x6) while allocating gadget (node separator, owner GtkSeparatorToolItem)

(DBeaver:11768): Gtk-WARNING **: 10:47:29.108: Negative content width -6 (allocation 6, extents 6x6) while allocating gadget (node separator, owner GtkSeparatorToolItem)

(DBeaver:11768): Gtk-WARNING **: 10:47:29.109: Negative content width -6 (allocation 6, extents 6x6) while allocating gadget (node separator, owner GtkSeparatorToolItem)

(DBeaver:11768): Gtk-WARNING **: 10:47:29.111: Negative content width -6 (allocation 6, extents 6x6) while allocating gadget (node separator, owner GtkSeparatorToolItem)

(DBeaver:11768): Gtk-WARNING **: 10:47:29.111: Negative content width -6 (allocation 6, extents 6x6) while allocating gadget (node separator, owner GtkSeparatorToolItem)

(DBeaver:11768): Gtk-WARNING **: 10:47:30.936: Negative content width -6 (allocation 6, extents 6x6) while allocating gadget (node separator, owner GtkSeparatorToolItem)

(DBeaver:11768): Gtk-WARNING **: 10:47:30.938: Negative content width -6 (allocation 6, extents 6x6) while allocating gadget (node separator, owner GtkSeparatorToolItem)

(DBeaver:11768): Gtk-WARNING **: 10:47:30.939: Negative content width -6 (allocation 6, extents 6x6) while allocating gadget (node separator, owner GtkSeparatorToolItem)

(DBeaver:11768): Gtk-WARNING **: 10:47:30.940: Negative content width -6 (allocation 6, extents 6x6) while allocating gadget (node separator, owner GtkSeparatorToolItem)

(DBeaver:11768): Gtk-WARNING **: 10:47:30.941: Negative content width -6 (allocation 6, extents 6x6) while allocating gadget (node separator, owner GtkSeparatorToolItem)

(DBeaver:11768): Gtk-WARNING **: 10:47:32.787: Negative content width -6 (allocation 6, extents 6x6) while allocating gadget (node separator, owner GtkSeparatorToolItem)

(DBeaver:11768): Gtk-WARNING **: 10:47:32.791: Negative content width -6 (allocation 6, extents 6x6) while allocating gadget (node separator, owner GtkSeparatorToolItem)

(DBeaver:11768): Gtk-WARNING **: 10:47:32.798: Negative content width -6 (allocation 6, extents 6x6) while allocating gadget (node separator, owner GtkSeparatorToolItem)

(DBeaver:11768): Gtk-WARNING **: 10:47:32.805: Negative content width -6 (allocation 6, extents 6x6) while allocating gadget (node separator, owner GtkSeparatorToolItem)

(DBeaver:11768): Gtk-WARNING **: 10:47:32.808: Negative content width -6 (allocation 6, extents 6x6) while allocating gadget (node separator, owner GtkSeparatorToolItem)

(DBeaver:11768): Gtk-WARNING **: 10:47:32.821: Negative content width -6 (allocation 6, extents 6x6) while allocating gadget (node separator, owner GtkSeparatorToolItem)

(DBeaver:11768): Gtk-WARNING **: 10:47:32.821: Negative content width -6 (allocation 6, extents 6x6) while allocating gadget (node separator, owner GtkSeparatorToolItem)

(DBeaver:11768): Gtk-WARNING **: 10:47:32.821: Negative content width -6 (allocation 6, extents 6x6) while allocating gadget (node separator, owner GtkSeparatorToolItem)

(DBeaver:11768): Gtk-WARNING **: 10:47:32.822: Negative content width -6 (allocation 6, extents 6x6) while allocating gadget (node separator, owner GtkSeparatorToolItem)

(DBeaver:11768): Gtk-WARNING **: 10:47:32.822: Negative content width -6 (allocation 6, extents 6x6) while allocating gadget (node separator, owner GtkSeparatorToolItem)

(DBeaver:11768): Gtk-WARNING **: 10:47:32.833: Negative content width -6 (allocation 6, extents 6x6) while allocating gadget (node separator, owner GtkSeparatorToolItem)

(DBeaver:11768): Gtk-WARNING **: 10:47:32.834: Negative content width -6 (allocation 6, extents 6x6) while allocating gadget (node separator, owner GtkSeparatorToolItem)

(DBeaver:11768): Gtk-WARNING **: 10:47:32.834: Negative content width -6 (allocation 6, extents 6x6) while allocating gadget (node separator, owner GtkSeparatorToolItem)

(DBeaver:11768): Gtk-WARNING **: 10:47:32.834: Negative content width -6 (allocation 6, extents 6x6) while allocating gadget (node separator, owner GtkSeparatorToolItem)

(DBeaver:11768): Gtk-WARNING **: 10:47:32.834: Negative content width -6 (allocation 6, extents 6x6) while allocating gadget (node separator, owner GtkSeparatorToolItem)

(DBeaver:11768): Gtk-WARNING **: 10:47:32.877: Negative content width -6 (allocation 6, extents 6x6) while allocating gadget (node separator, owner GtkSeparatorToolItem)

(DBeaver:11768): Gtk-WARNING **: 10:47:32.878: Negative content width -6 (allocation 6, extents 6x6) while allocating gadget (node separator, owner GtkSeparatorToolItem)

(DBeaver:11768): Gtk-WARNING **: 10:47:32.878: Negative content width -6 (allocation 6, extents 6x6) while allocating gadget (node separator, owner GtkSeparatorToolItem)

(DBeaver:11768): Gtk-WARNING **: 10:47:32.878: Negative content width -6 (allocation 6, extents 6x6) while allocating gadget (node separator, owner GtkSeparatorToolItem)

(DBeaver:11768): Gtk-WARNING **: 10:47:32.879: Negative content width -6 (allocation 6, extents 6x6) while allocating gadget (node separator, owner GtkSeparatorToolItem)

(DBeaver:11768): Gtk-WARNING **: 10:47:33.014: Negative content width -6 (allocation 6, extents 6x6) while allocating gadget (node separator, owner GtkSeparatorToolItem)

(DBeaver:11768): Gtk-WARNING **: 10:47:33.014: Negative content width -6 (allocation 6, extents 6x6) while allocating gadget (node separator, owner GtkSeparatorToolItem)

(DBeaver:11768): Gtk-WARNING **: 10:47:33.014: Negative content width -6 (allocation 6, extents 6x6) while allocating gadget (node separator, owner GtkSeparatorToolItem)

(DBeaver:11768): Gtk-WARNING **: 10:47:33.015: Negative content width -6 (allocation 6, extents 6x6) while allocating gadget (node separator, owner GtkSeparatorToolItem)

(DBeaver:11768): Gtk-WARNING **: 10:47:33.015: Negative content width -6 (allocation 6, extents 6x6) while allocating gadget (node separator, owner GtkSeparatorToolItem)

(DBeaver:11768): Gtk-WARNING **: 10:47:33.022: Negative content width -6 (allocation 6, extents 6x6) while allocating gadget (node separator, owner GtkSeparatorToolItem)

(DBeaver:11768): Gtk-WARNING **: 10:47:33.022: Negative content width -6 (allocation 6, extents 6x6) while allocating gadget (node separator, owner GtkSeparatorToolItem)

(DBeaver:11768): Gtk-WARNING **: 10:47:33.023: Negative content width -6 (allocation 6, extents 6x6) while allocating gadget (node separator, owner GtkSeparatorToolItem)

(DBeaver:11768): Gtk-WARNING **: 10:47:33.023: Negative content width -6 (allocation 6, extents 6x6) while allocating gadget (node separator, owner GtkSeparatorToolItem)

(DBeaver:11768): Gtk-WARNING **: 10:47:33.023: Negative content width -6 (allocation 6, extents 6x6) while allocating gadget (node separator, owner GtkSeparatorToolItem)

(DBeaver:11768): Gtk-WARNING **: 10:47:33.104: Negative content width -6 (allocation 6, extents 6x6) while allocating gadget (node separator, owner GtkSeparatorToolItem)

(DBeaver:11768): Gtk-WARNING **: 10:47:33.105: Negative content width -6 (allocation 6, extents 6x6) while allocating gadget (node separator, owner GtkSeparatorToolItem)

(DBeaver:11768): Gtk-WARNING **: 10:47:33.105: Negative content width -6 (allocation 6, extents 6x6) while allocating gadget (node separator, owner GtkSeparatorToolItem)

(DBeaver:11768): Gtk-WARNING **: 10:47:33.105: Negative content width -6 (allocation 6, extents 6x6) while allocating gadget (node separator, owner GtkSeparatorToolItem)

(DBeaver:11768): Gtk-WARNING **: 10:47:33.105: Negative content width -6 (allocation 6, extents 6x6) while allocating gadget (node separator, owner GtkSeparatorToolItem)

(DBeaver:11768): Gtk-WARNING **: 10:47:33.129: Negative content width -6 (allocation 6, extents 6x6) while allocating gadget (node separator, owner GtkSeparatorToolItem)

(DBeaver:11768): Gtk-WARNING **: 10:47:33.130: Negative content width -6 (allocation 6, extents 6x6) while allocating gadget (node separator, owner GtkSeparatorToolItem)

(DBeaver:11768): Gtk-WARNING **: 10:47:33.130: Negative content width -6 (allocation 6, extents 6x6) while allocating gadget (node separator, owner GtkSeparatorToolItem)

(DBeaver:11768): Gtk-WARNING **: 10:47:33.130: Negative content width -6 (allocation 6, extents 6x6) while allocating gadget (node separator, owner GtkSeparatorToolItem)

(DBeaver:11768): Gtk-WARNING **: 10:47:33.130: Negative content width -6 (allocation 6, extents 6x6) while allocating gadget (node separator, owner GtkSeparatorToolItem)

(DBeaver:11768): Gtk-WARNING **: 10:47:33.164: Negative content width -6 (allocation 6, extents 6x6) while allocating gadget (node separator, owner GtkSeparatorToolItem)

(DBeaver:11768): Gtk-WARNING **: 10:47:33.165: Negative content width -6 (allocation 6, extents 6x6) while allocating gadget (node separator, owner GtkSeparatorToolItem)

(DBeaver:11768): Gtk-WARNING **: 10:47:33.165: Negative content width -6 (allocation 6, extents 6x6) while allocating gadget (node separator, owner GtkSeparatorToolItem)

(DBeaver:11768): Gtk-WARNING **: 10:47:33.165: Negative content width -6 (allocation 6, extents 6x6) while allocating gadget (node separator, owner GtkSeparatorToolItem)

(DBeaver:11768): Gtk-WARNING **: 10:47:33.165: Negative content width -6 (allocation 6, extents 6x6) while allocating gadget (node separator, owner GtkSeparatorToolItem)
> Start Core Compare Support [org.eclipse.compare.core 3.8.700.v20250120-0641]

(DBeaver:11768): Gtk-WARNING **: 10:47:37.723: Negative content width -6 (allocation 6, extents 6x6) while allocating gadget (node separator, owner GtkSeparatorToolItem)

(DBeaver:11768): Gtk-WARNING **: 10:47:37.724: Negative content width -6 (allocation 6, extents 6x6) while allocating gadget (node separator, owner GtkSeparatorToolItem)

(DBeaver:11768): Gtk-WARNING **: 10:47:37.724: Negative content width -6 (allocation 6, extents 6x6) while allocating gadget (node separator, owner GtkSeparatorToolItem)

(DBeaver:11768): Gtk-WARNING **: 10:47:37.725: Negative content width -6 (allocation 6, extents 6x6) while allocating gadget (node separator, owner GtkSeparatorToolItem)

(DBeaver:11768): Gtk-WARNING **: 10:47:37.725: Negative content width -6 (allocation 6, extents 6x6) while allocating gadget (node separator, owner GtkSeparatorToolItem)

(DBeaver:11768): Gtk-WARNING **: 10:47:37.734: Negative content width -6 (allocation 6, extents 6x6) while allocating gadget (node separator, owner GtkSeparatorToolItem)

(DBeaver:11768): Gtk-WARNING **: 10:47:37.735: Negative content width -6 (allocation 6, extents 6x6) while allocating gadget (node separator, owner GtkSeparatorToolItem)

(DBeaver:11768): Gtk-WARNING **: 10:47:37.735: Negative content width -6 (allocation 6, extents 6x6) while allocating gadget (node separator, owner GtkSeparatorToolItem)

(DBeaver:11768): Gtk-WARNING **: 10:47:37.736: Negative content width -6 (allocation 6, extents 6x6) while allocating gadget (node separator, owner GtkSeparatorToolItem)

(DBeaver:11768): Gtk-WARNING **: 10:47:37.736: Negative content width -6 (allocation 6, extents 6x6) while allocating gadget (node separator, owner GtkSeparatorToolItem)

(DBeaver:11768): Gtk-WARNING **: 10:48:05.843: Negative content width -6 (allocation 6, extents 6x6) while allocating gadget (node separator, owner GtkSeparatorToolItem)

(DBeaver:11768): Gtk-WARNING **: 10:48:05.845: Negative content width -6 (allocation 6, extents 6x6) while allocating gadget (node separator, owner GtkSeparatorToolItem)

(DBeaver:11768): Gtk-WARNING **: 10:48:05.846: Negative content width -6 (allocation 6, extents 6x6) while allocating gadget (node separator, owner GtkSeparatorToolItem)

(DBeaver:11768): Gtk-WARNING **: 10:48:05.847: Negative content width -6 (allocation 6, extents 6x6) while allocating gadget (node separator, owner GtkSeparatorToolItem)

(DBeaver:11768): Gtk-WARNING **: 10:48:05.848: Negative content width -6 (allocation 6, extents 6x6) while allocating gadget (node separator, owner GtkSeparatorToolItem)

(DBeaver:11768): Gtk-WARNING **: 10:48:16.225: Negative content width -6 (allocation 6, extents 6x6) while allocating gadget (node separator, owner GtkSeparatorToolItem)

(DBeaver:11768): Gtk-WARNING **: 10:48:16.226: Negative content width -6 (allocation 6, extents 6x6) while allocating gadget (node separator, owner GtkSeparatorToolItem)

(DBeaver:11768): Gtk-WARNING **: 10:48:16.226: Negative content width -6 (allocation 6, extents 6x6) while allocating gadget (node separator, owner GtkSeparatorToolItem)

(DBeaver:11768): Gtk-WARNING **: 10:48:16.227: Negative content width -6 (allocation 6, extents 6x6) while allocating gadget (node separator, owner GtkSeparatorToolItem)

(DBeaver:11768): Gtk-WARNING **: 10:48:16.227: Negative content width -6 (allocation 6, extents 6x6) while allocating gadget (node separator, owner GtkSeparatorToolItem)

(DBeaver:11768): Gtk-WARNING **: 10:48:24.123: Negative content width -6 (allocation 6, extents 6x6) while allocating gadget (node separator, owner GtkSeparatorToolItem)

(DBeaver:11768): Gtk-WARNING **: 10:48:24.124: Negative content width -6 (allocation 6, extents 6x6) while allocating gadget (node separator, owner GtkSeparatorToolItem)

(DBeaver:11768): Gtk-WARNING **: 10:48:24.125: Negative content width -6 (allocation 6, extents 6x6) while allocating gadget (node separator, owner GtkSeparatorToolItem)

(DBeaver:11768): Gtk-WARNING **: 10:48:24.125: Negative content width -6 (allocation 6, extents 6x6) while allocating gadget (node separator, owner GtkSeparatorToolItem)

(DBeaver:11768): Gtk-WARNING **: 10:48:24.126: Negative content width -6 (allocation 6, extents 6x6) while allocating gadget (node separator, owner GtkSeparatorToolItem)

(DBeaver:11768): Gtk-WARNING **: 10:48:25.376: Negative content width -6 (allocation 6, extents 6x6) while allocating gadget (node separator, owner GtkSeparatorToolItem)

(DBeaver:11768): Gtk-WARNING **: 10:48:25.376: Negative content width -6 (allocation 6, extents 6x6) while allocating gadget (node separator, owner GtkSeparatorToolItem)

(DBeaver:11768): Gtk-WARNING **: 10:48:25.376: Negative content width -6 (allocation 6, extents 6x6) while allocating gadget (node separator, owner GtkSeparatorToolItem)

(DBeaver:11768): Gtk-WARNING **: 10:48:25.377: Negative content width -6 (allocation 6, extents 6x6) while allocating gadget (node separator, owner GtkSeparatorToolItem)

(DBeaver:11768): Gtk-WARNING **: 10:48:25.377: Negative content width -6 (allocation 6, extents 6x6) while allocating gadget (node separator, owner GtkSeparatorToolItem)

(DBeaver:11768): Gtk-WARNING **: 10:48:27.657: Negative content width -6 (allocation 6, extents 6x6) while allocating gadget (node separator, owner GtkSeparatorToolItem)

(DBeaver:11768): Gtk-WARNING **: 10:48:27.657: Negative content width -6 (allocation 6, extents 6x6) while allocating gadget (node separator, owner GtkSeparatorToolItem)

(DBeaver:11768): Gtk-WARNING **: 10:48:27.657: Negative content width -6 (allocation 6, extents 6x6) while allocating gadget (node separator, owner GtkSeparatorToolItem)

(DBeaver:11768): Gtk-WARNING **: 10:48:27.658: Negative content width -6 (allocation 6, extents 6x6) while allocating gadget (node separator, owner GtkSeparatorToolItem)

(DBeaver:11768): Gtk-WARNING **: 10:48:27.658: Negative content width -6 (allocation 6, extents 6x6) while allocating gadget (node separator, owner GtkSeparatorToolItem)

(DBeaver:11768): Gtk-WARNING **: 10:48:39.843: Negative content width -6 (allocation 6, extents 6x6) while allocating gadget (node separator, owner GtkSeparatorToolItem)

(DBeaver:11768): Gtk-WARNING **: 10:48:39.844: Negative content width -6 (allocation 6, extents 6x6) while allocating gadget (node separator, owner GtkSeparatorToolItem)

(DBeaver:11768): Gtk-WARNING **: 10:48:39.845: Negative content width -6 (allocation 6, extents 6x6) while allocating gadget (node separator, owner GtkSeparatorToolItem)

(DBeaver:11768): Gtk-WARNING **: 10:48:39.845: Negative content width -6 (allocation 6, extents 6x6) while allocating gadget (node separator, owner GtkSeparatorToolItem)

(DBeaver:11768): Gtk-WARNING **: 10:48:39.846: Negative content width -6 (allocation 6, extents 6x6) while allocating gadget (node separator, owner GtkSeparatorToolItem)

(DBeaver:11768): Gtk-WARNING **: 10:48:41.106: Negative content width -6 (allocation 6, extents 6x6) while allocating gadget (node separator, owner GtkSeparatorToolItem)

(DBeaver:11768): Gtk-WARNING **: 10:48:41.107: Negative content width -6 (allocation 6, extents 6x6) while allocating gadget (node separator, owner GtkSeparatorToolItem)

(DBeaver:11768): Gtk-WARNING **: 10:48:41.107: Negative content width -6 (allocation 6, extents 6x6) while allocating gadget (node separator, owner GtkSeparatorToolItem)

(DBeaver:11768): Gtk-WARNING **: 10:48:41.108: Negative content width -6 (allocation 6, extents 6x6) while allocating gadget (node separator, owner GtkSeparatorToolItem)

(DBeaver:11768): Gtk-WARNING **: 10:48:41.108: Negative content width -6 (allocation 6, extents 6x6) while allocating gadget (node separator, owner GtkSeparatorToolItem)

(DBeaver:11768): Gtk-WARNING **: 10:48:42.231: Negative content width -6 (allocation 6, extents 6x6) while allocating gadget (node separator, owner GtkSeparatorToolItem)

(DBeaver:11768): Gtk-WARNING **: 10:48:42.232: Negative content width -6 (allocation 6, extents 6x6) while allocating gadget (node separator, owner GtkSeparatorToolItem)

(DBeaver:11768): Gtk-WARNING **: 10:48:42.232: Negative content width -6 (allocation 6, extents 6x6) while allocating gadget (node separator, owner GtkSeparatorToolItem)

(DBeaver:11768): Gtk-WARNING **: 10:48:42.233: Negative content width -6 (allocation 6, extents 6x6) while allocating gadget (node separator, owner GtkSeparatorToolItem)

(DBeaver:11768): Gtk-WARNING **: 10:48:42.233: Negative content width -6 (allocation 6, extents 6x6) while allocating gadget (node separator, owner GtkSeparatorToolItem)

(DBeaver:11768): Gtk-WARNING **: 10:48:48.593: Negative content width -6 (allocation 6, extents 6x6) while allocating gadget (node separator, owner GtkSeparatorToolItem)

(DBeaver:11768): Gtk-WARNING **: 10:48:48.593: Negative content width -6 (allocation 6, extents 6x6) while allocating gadget (node separator, owner GtkSeparatorToolItem)

(DBeaver:11768): Gtk-WARNING **: 10:48:48.594: Negative content width -6 (allocation 6, extents 6x6) while allocating gadget (node separator, owner GtkSeparatorToolItem)

(DBeaver:11768): Gtk-WARNING **: 10:48:48.594: Negative content width -6 (allocation 6, extents 6x6) while allocating gadget (node separator, owner GtkSeparatorToolItem)

(DBeaver:11768): Gtk-WARNING **: 10:48:48.594: Negative content width -6 (allocation 6, extents 6x6) while allocating gadget (node separator, owner GtkSeparatorToolItem)

(DBeaver:11768): Gtk-WARNING **: 10:48:58.100: Negative content width -6 (allocation 6, extents 6x6) while allocating gadget (node separator, owner GtkSeparatorToolItem)

(DBeaver:11768): Gtk-WARNING **: 10:48:58.100: Negative content width -6 (allocation 6, extents 6x6) while allocating gadget (node separator, owner GtkSeparatorToolItem)

(DBeaver:11768): Gtk-WARNING **: 10:48:58.100: Negative content width -6 (allocation 6, extents 6x6) while allocating gadget (node separator, owner GtkSeparatorToolItem)

(DBeaver:11768): Gtk-WARNING **: 10:48:58.101: Negative content width -6 (allocation 6, extents 6x6) while allocating gadget (node separator, owner GtkSeparatorToolItem)

(DBeaver:11768): Gtk-WARNING **: 10:48:58.101: Negative content width -6 (allocation 6, extents 6x6) while allocating gadget (node separator, owner GtkSeparatorToolItem)

(DBeaver:11768): Gtk-WARNING **: 10:49:00.192: Negative content width -6 (allocation 6, extents 6x6) while allocating gadget (node separator, owner GtkSeparatorToolItem)

(DBeaver:11768): Gtk-WARNING **: 10:49:00.193: Negative content width -6 (allocation 6, extents 6x6) while allocating gadget (node separator, owner GtkSeparatorToolItem)

(DBeaver:11768): Gtk-WARNING **: 10:49:00.193: Negative content width -6 (allocation 6, extents 6x6) while allocating gadget (node separator, owner GtkSeparatorToolItem)

(DBeaver:11768): Gtk-WARNING **: 10:49:00.193: Negative content width -6 (allocation 6, extents 6x6) while allocating gadget (node separator, owner GtkSeparatorToolItem)

(DBeaver:11768): Gtk-WARNING **: 10:49:00.193: Negative content width -6 (allocation 6, extents 6x6) while allocating gadget (node separator, owner GtkSeparatorToolItem)

(DBeaver:11768): Gtk-WARNING **: 10:49:00.820: Negative content width -6 (allocation 6, extents 6x6) while allocating gadget (node separator, owner GtkSeparatorToolItem)

(DBeaver:11768): Gtk-WARNING **: 10:49:00.821: Negative content width -6 (allocation 6, extents 6x6) while allocating gadget (node separator, owner GtkSeparatorToolItem)

(DBeaver:11768): Gtk-WARNING **: 10:49:00.821: Negative content width -6 (allocation 6, extents 6x6) while allocating gadget (node separator, owner GtkSeparatorToolItem)

(DBeaver:11768): Gtk-WARNING **: 10:49:00.821: Negative content width -6 (allocation 6, extents 6x6) while allocating gadget (node separator, owner GtkSeparatorToolItem)

(DBeaver:11768): Gtk-WARNING **: 10:49:00.822: Negative content width -6 (allocation 6, extents 6x6) while allocating gadget (node separator, owner GtkSeparatorToolItem)

(DBeaver:11768): Gtk-WARNING **: 10:49:01.430: Negative content width -6 (allocation 6, extents 6x6) while allocating gadget (node separator, owner GtkSeparatorToolItem)

(DBeaver:11768): Gtk-WARNING **: 10:49:01.431: Negative content width -6 (allocation 6, extents 6x6) while allocating gadget (node separator, owner GtkSeparatorToolItem)

(DBeaver:11768): Gtk-WARNING **: 10:49:01.432: Negative content width -6 (allocation 6, extents 6x6) while allocating gadget (node separator, owner GtkSeparatorToolItem)

(DBeaver:11768): Gtk-WARNING **: 10:49:01.433: Negative content width -6 (allocation 6, extents 6x6) while allocating gadget (node separator, owner GtkSeparatorToolItem)

(DBeaver:11768): Gtk-WARNING **: 10:49:01.433: Negative content width -6 (allocation 6, extents 6x6) while allocating gadget (node separator, owner GtkSeparatorToolItem)

(DBeaver:11768): Gtk-WARNING **: 10:49:06.543: Negative content width -6 (allocation 6, extents 6x6) while allocating gadget (node separator, owner GtkSeparatorToolItem)

(DBeaver:11768): Gtk-WARNING **: 10:49:06.544: Negative content width -6 (allocation 6, extents 6x6) while allocating gadget (node separator, owner GtkSeparatorToolItem)

(DBeaver:11768): Gtk-WARNING **: 10:49:06.544: Negative content width -6 (allocation 6, extents 6x6) while allocating gadget (node separator, owner GtkSeparatorToolItem)

(DBeaver:11768): Gtk-WARNING **: 10:49:06.545: Negative content width -6 (allocation 6, extents 6x6) while allocating gadget (node separator, owner GtkSeparatorToolItem)

(DBeaver:11768): Gtk-WARNING **: 10:49:06.545: Negative content width -6 (allocation 6, extents 6x6) while allocating gadget (node separator, owner GtkSeparatorToolItem)

(DBeaver:11768): Gtk-WARNING **: 10:49:07.168: Negative content width -6 (allocation 6, extents 6x6) while allocating gadget (node separator, owner GtkSeparatorToolItem)

(DBeaver:11768): Gtk-WARNING **: 10:49:07.169: Negative content width -6 (allocation 6, extents 6x6) while allocating gadget (node separator, owner GtkSeparatorToolItem)

(DBeaver:11768): Gtk-WARNING **: 10:49:07.170: Negative content width -6 (allocation 6, extents 6x6) while allocating gadget (node separator, owner GtkSeparatorToolItem)

(DBeaver:11768): Gtk-WARNING **: 10:49:07.171: Negative content width -6 (allocation 6, extents 6x6) while allocating gadget (node separator, owner GtkSeparatorToolItem)

(DBeaver:11768): Gtk-WARNING **: 10:49:07.171: Negative content width -6 (allocation 6, extents 6x6) while allocating gadget (node separator, owner GtkSeparatorToolItem)

(DBeaver:11768): Gtk-WARNING **: 10:49:09.258: Negative content width -6 (allocation 6, extents 6x6) while allocating gadget (node separator, owner GtkSeparatorToolItem)

(DBeaver:11768): Gtk-WARNING **: 10:49:09.260: Negative content width -6 (allocation 6, extents 6x6) while allocating gadget (node separator, owner GtkSeparatorToolItem)

(DBeaver:11768): Gtk-WARNING **: 10:49:09.260: Negative content width -6 (allocation 6, extents 6x6) while allocating gadget (node separator, owner GtkSeparatorToolItem)

(DBeaver:11768): Gtk-WARNING **: 10:49:09.261: Negative content width -6 (allocation 6, extents 6x6) while allocating gadget (node separator, owner GtkSeparatorToolItem)

(DBeaver:11768): Gtk-WARNING **: 10:49:09.262: Negative content width -6 (allocation 6, extents 6x6) while allocating gadget (node separator, owner GtkSeparatorToolItem)

(DBeaver:11768): Gtk-WARNING **: 10:49:10.004: Negative content width -6 (allocation 6, extents 6x6) while allocating gadget (node separator, owner GtkSeparatorToolItem)

(DBeaver:11768): Gtk-WARNING **: 10:49:10.005: Negative content width -6 (allocation 6, extents 6x6) while allocating gadget (node separator, owner GtkSeparatorToolItem)

(DBeaver:11768): Gtk-WARNING **: 10:49:10.006: Negative content width -6 (allocation 6, extents 6x6) while allocating gadget (node separator, owner GtkSeparatorToolItem)

(DBeaver:11768): Gtk-WARNING **: 10:49:10.006: Negative content width -6 (allocation 6, extents 6x6) while allocating gadget (node separator, owner GtkSeparatorToolItem)

(DBeaver:11768): Gtk-WARNING **: 10:49:10.007: Negative content width -6 (allocation 6, extents 6x6) while allocating gadget (node separator, owner GtkSeparatorToolItem)

(DBeaver:11768): Gtk-WARNING **: 10:49:54.176: Negative content width -6 (allocation 6, extents 6x6) while allocating gadget (node separator, owner GtkSeparatorToolItem)

(DBeaver:11768): Gtk-WARNING **: 10:49:54.176: Negative content width -6 (allocation 6, extents 6x6) while allocating gadget (node separator, owner GtkSeparatorToolItem)

(DBeaver:11768): Gtk-WARNING **: 10:49:54.176: Negative content width -6 (allocation 6, extents 6x6) while allocating gadget (node separator, owner GtkSeparatorToolItem)

(DBeaver:11768): Gtk-WARNING **: 10:49:54.177: Negative content width -6 (allocation 6, extents 6x6) while allocating gadget (node separator, owner GtkSeparatorToolItem)

(DBeaver:11768): Gtk-WARNING **: 10:49:54.177: Negative content width -6 (allocation 6, extents 6x6) while allocating gadget (node separator, owner GtkSeparatorToolItem)

(DBeaver:11768): Gtk-WARNING **: 10:49:55.260: Negative content width -6 (allocation 6, extents 6x6) while allocating gadget (node separator, owner GtkSeparatorToolItem)

(DBeaver:11768): Gtk-WARNING **: 10:49:55.261: Negative content width -6 (allocation 6, extents 6x6) while allocating gadget (node separator, owner GtkSeparatorToolItem)

(DBeaver:11768): Gtk-WARNING **: 10:49:55.261: Negative content width -6 (allocation 6, extents 6x6) while allocating gadget (node separator, owner GtkSeparatorToolItem)

(DBeaver:11768): Gtk-WARNING **: 10:49:55.261: Negative content width -6 (allocation 6, extents 6x6) while allocating gadget (node separator, owner GtkSeparatorToolItem)

(DBeaver:11768): Gtk-WARNING **: 10:49:55.262: Negative content width -6 (allocation 6, extents 6x6) while allocating gadget (node separator, owner GtkSeparatorToolItem)

(DBeaver:11768): Gtk-WARNING **: 10:59:41.695: Negative content width -6 (allocation 6, extents 6x6) while allocating gadget (node separator, owner GtkSeparatorToolItem)

(DBeaver:11768): Gtk-WARNING **: 10:59:41.696: Negative content width -6 (allocation 6, extents 6x6) while allocating gadget (node separator, owner GtkSeparatorToolItem)

(DBeaver:11768): Gtk-WARNING **: 10:59:41.697: Negative content width -6 (allocation 6, extents 6x6) while allocating gadget (node separator, owner GtkSeparatorToolItem)

(DBeaver:11768): Gtk-WARNING **: 10:59:41.697: Negative content width -6 (allocation 6, extents 6x6) while allocating gadget (node separator, owner GtkSeparatorToolItem)

(DBeaver:11768): Gtk-WARNING **: 10:59:41.698: Negative content width -6 (allocation 6, extents 6x6) while allocating gadget (node separator, owner GtkSeparatorToolItem)

(DBeaver:11768): IBUS-WARNING **: 10:59:41.758: DBeaver has no capability of surrounding-text feature

(DBeaver:11768): Gtk-WARNING **: 10:59:42.598: Negative content width -6 (allocation 6, extents 6x6) while allocating gadget (node separator, owner GtkSeparatorToolItem)

(DBeaver:11768): Gtk-WARNING **: 10:59:42.599: Negative content width -6 (allocation 6, extents 6x6) while allocating gadget (node separator, owner GtkSeparatorToolItem)

(DBeaver:11768): Gtk-WARNING **: 10:59:42.599: Negative content width -6 (allocation 6, extents 6x6) while allocating gadget (node separator, owner GtkSeparatorToolItem)

(DBeaver:11768): Gtk-WARNING **: 10:59:42.600: Negative content width -6 (allocation 6, extents 6x6) while allocating gadget (node separator, owner GtkSeparatorToolItem)

(DBeaver:11768): Gtk-WARNING **: 10:59:42.600: Negative content width -6 (allocation 6, extents 6x6) while allocating gadget (node separator, owner GtkSeparatorToolItem)
